<?xml version="1.0" encoding="UTF-8"?>
<testsuite xmlns:xsi="http://www.w3.org/2001/XMLSchema-instance" xsi:noNamespaceSchemaLocation="https://maven.apache.org/surefire/maven-surefire-plugin/xsd/surefire-test-report.xsd" name="StepDef.TestRunner" time="2.329" tests="2" errors="2" skipped="0" failures="0">
  <properties>
[...]
</properties>
  <testcase name="Run a non failing scenario" classname="Test cucumber reporting plugin" time="0.673">
    <error message="The step &apos;a successful step&apos; is undefined.&#10;You can implement this step using the snippet(s) below:&#10;&#10;@Given(&quot;a successful step&quot;)&#10;public void a_successful_step() {&#10;    // Write code here that turns the phrase above into concrete actions&#10;    throw new io.cucumber.java.PendingException();&#10;}&#10;" type="io.cucumber.junit.UndefinedStepException">io.cucumber.junit.UndefinedStepException: 
The step 'a successful step' is undefined.
You can implement this step using the snippet(s) below:

@Given("a successful step")
public void a_successful_step() {
    // Write code here that turns the phrase above into concrete actions
    throw new io.cucumber.java.PendingException();
}

</error>
  </testcase>
  <testcase name="Run a failing scenario" classname="Test cucumber reporting plugin" time="0.012">
    <error message="The step &apos;a not successful step&apos; is undefined.&#10;You can implement this step using the snippet(s) below:&#10;&#10;@Given(&quot;a not successful step&quot;)&#10;public void a_not_successful_step() {&#10;    // Write code here that turns the phrase above into concrete actions&#10;    throw new io.cucumber.java.PendingException();&#10;}&#10;" type="io.cucumber.junit.UndefinedStepException">io.cucumber.junit.UndefinedStepException: 
The step 'a not successful step' is undefined.
You can implement this step using the snippet(s) below:

@Given("a not successful step")
public void a_not_successful_step() {
    // Write code here that turns the phrase above into concrete actions
    throw new io.cucumber.java.PendingException();
}

</error>
  </testcase>
</testsuite>